<?xml version="1.0" encoding="UTF-8"?>
<!-- Generated by org.testng.reporters.JUnitReportReporter -->
<testsuite hostname="DESKTOP-9TT09F0" failures="0" tests="1" name="SeleniumAutomation.LiveProjectAutomation.AutomationTest1" time="44.931" errors="0" timestamp="2021-12-15T19:40:31 IST" skipped="0">
  <testcase classname="SeleniumAutomation.LiveProjectAutomation.AutomationTest1" name="rediff" time="44.931"/>
  <system-out/>
</testsuite> <!-- SeleniumAutomation.LiveProjectAutomation.AutomationTest1 -->
