<?xml version="1.0" encoding="UTF-8"?>
<!-- Generated by org.testng.reporters.JUnitReportReporter -->
<testsuite hostname="DESKTOP-9TT09F0" failures="0" tests="1" name="SeleniumAutomation.LiveProjectAutomation.Test1" time="7.504" errors="0" timestamp="2021-12-10T23:05:17 IST" skipped="0">
  <testcase classname="SeleniumAutomation.LiveProjectAutomation.Test1" name="launch" time="7.504"/>
  <system-out/>
</testsuite> <!-- SeleniumAutomation.LiveProjectAutomation.Test1 -->
