<?xml version="1.0" encoding="UTF-8"?>
<!-- Generated by org.testng.reporters.JUnitReportReporter -->
<testsuite hostname="DESKTOP-9TT09F0" failures="0" tests="1" name="PracticeUrbanLadder.demo" time="7.851" errors="0" timestamp="2022-01-08T22:53:52 IST" skipped="0">
  <testcase classname="PracticeUrbanLadder.demo" name="invoke" time="7.851"/>
  <system-out/>
</testsuite> <!-- PracticeUrbanLadder.demo -->
