<?xml version="1.0" encoding="UTF-8"?>
<!-- Generated by org.testng.reporters.JUnitReportReporter -->
<testsuite hostname="DESKTOP-9TT09F0" failures="0" tests="1" name="SeleniumAutomation.LiveProjectAutomation.AutomationTest4" time="60.727" errors="0" timestamp="2021-12-15T22:49:32 IST" skipped="0">
  <testcase classname="SeleniumAutomation.LiveProjectAutomation.AutomationTest4" name="selectStock" time="60.727"/>
  <system-out/>
</testsuite> <!-- SeleniumAutomation.LiveProjectAutomation.AutomationTest4 -->
