<?xml version="1.0" encoding="UTF-8"?>
<!-- Generated by org.testng.reporters.JUnitReportReporter -->
<testsuite hostname="DESKTOP-9TT09F0" failures="0" tests="1" name="SeleniumAutomation.LiveProjectAutomation.FacebookLogin" time="10.771" errors="0" timestamp="2021-12-23T13:27:35 IST" skipped="0">
  <testcase classname="SeleniumAutomation.LiveProjectAutomation.FacebookLogin" name="testOne" time="10.771"/>
  <system-out/>
</testsuite> <!-- SeleniumAutomation.LiveProjectAutomation.FacebookLogin -->
