<?xml version="1.0" encoding="UTF-8"?>
<!-- Generated by org.testng.reporters.JUnitReportReporter -->
<testsuite hostname="DESKTOP-9TT09F0" failures="0" tests="1" name="SeleniumAutomation.LiveProjectAutomation.BaseUi" time="0.028" errors="0" timestamp="2021-12-18T18:07:15 IST" skipped="0">
  <testcase classname="SeleniumAutomation.LiveProjectAutomation.BaseUi" name="get" time="0.028"/>
  <system-out/>
</testsuite> <!-- SeleniumAutomation.LiveProjectAutomation.BaseUi -->
